2026-04-24 05:23:20.635 [main] DEBUG repository.InmemoryStudents - Запуск сортування студентів за курсом
2026-04-24 05:25:07.897 [main] DEBUG repository.InmemoryStudents - Запуск сортування студентів за курсом
2026-04-24 05:29:08.744 [main] DEBUG repository.InmemoryStudents - Діагностика пошуку студента за ПІБ: Бойко Андрій Ігорович
2026-04-24 06:06:21.877 [main] INFO  service.Service - Університет 'Національний університет «Києво-Могилянська академія»' успішно оновлено
2026-04-24 06:06:22.002 [main] INFO  domain.University - Отримання списку факультетів. Кількість: 7
2026-04-24 06:06:22.003 [main] INFO  domain.University - Отримання списку факультетів. Кількість: 7
2026-04-24 06:06:22.003 [main] INFO  service.Service - Дані програми успішно завантажені з файлу. Кількість факультетів: 7, викладачів: 7, студентів: 23
2026-04-24 06:14:39.992 [main] INFO  service.Service - Університет 'Національний університет «Києво-Могилянська академія»' успішно оновлено
2026-04-24 06:14:40.119 [main] INFO  domain.University - Отримання списку факультетів. Кількість: 6
2026-04-24 06:14:40.119 [main] INFO  domain.University - Отримання списку факультетів. Кількість: 6
2026-04-24 06:14:40.119 [main] INFO  service.Service - Дані програми успішно завантажені з файлу. Кількість факультетів: 6, викладачів: 10, студентів: 30
2026-04-24 06:15:26.594 [main] INFO  service.Service - Університет 'Національний університет «Києво-Могилянська академія»' успішно оновлено
2026-04-24 06:15:35.821 [main] INFO  domain.University - Отримання списку факультетів. Кількість: 6
2026-04-24 06:15:41.516 [main] INFO  domain.University - Отримання списку факультетів. Кількість: 6
2026-04-24 06:15:41.517 [main] INFO  service.Service - Дані програми успішно завантажені з файлу. Кількість факультетів: 6, викладачів: 10, студентів: 30
2026-04-24 07:58:54.715 [main] INFO  service.Service - Університет 'Національний університет «Києво-Могилянська академія»' успішно оновлено
2026-04-24 07:58:54.821 [main] INFO  domain.University - Отримання списку факультетів. Кількість: 7
2026-04-24 07:58:54.821 [main] INFO  domain.University - Отримання списку факультетів. Кількість: 7
2026-04-24 07:58:54.821 [main] INFO  service.Service - Дані програми успішно завантажені з файлу. Кількість факультетів: 7, викладачів: 10, студентів: 30
2026-04-24 07:59:54.908 [main] INFO  service.Service - Університет 'Національний університет «Києво-Могилянська академія»' успішно оновлено
2026-04-24 07:59:54.989 [main] INFO  domain.University - Отримання списку факультетів. Кількість: 7
2026-04-24 07:59:54.990 [main] INFO  domain.University - Отримання списку факультетів. Кількість: 7
2026-04-24 07:59:54.990 [main] INFO  service.Service - Дані програми успішно завантажені з файлу. Кількість факультетів: 7, викладачів: 10, студентів: 30
2026-04-24 08:34:46.404 [main] INFO  service.Service - Університет 'Національний університет «Києво-Могилянська академія»' успішно оновлено
2026-04-24 08:34:46.495 [main] INFO  domain.University - Отримання списку факультетів. Кількість: 6
2026-04-24 08:34:46.495 [main] INFO  domain.University - Отримання списку факультетів. Кількість: 6
2026-04-24 08:34:46.495 [main] INFO  service.Service - Дані програми успішно завантажені з файлу. Кількість факультетів: 6, викладачів: 10, студентів: 30
2026-04-24 08:35:35.139 [main] INFO  domain.University - Отримання списку факультетів. Кількість: 6
2026-04-24 08:47:12.381 [main] DEBUG repository.InmemoryStudents - Спроба оновлення даних студента ID: 999
2026-04-24 08:47:12.383 [main] WARN  repository.InmemoryStudents - Спроба оновити неіснуючого студента ID: 999
2026-04-24 08:47:12.394 [main] DEBUG repository.InmemoryStudents - Запит на видалення студента ID: 1
2026-04-24 08:47:12.394 [main] INFO  repository.InmemoryStudents - Студента ID: 1 видалено з системи
2026-04-24 08:47:12.397 [main] DEBUG repository.InmemoryStudents - Діагностика пошуку студента за ПІБ: бобко дар'я ігорівна
2026-04-24 09:05:40.495 [main] DEBUG repository.InmemoryTeachers - Спроба оновлення даних для викладача з ID: T16237547491300
2026-04-24 09:05:40.497 [main] INFO  repository.InmemoryTeachers - Дані викладача Petrenko Ivan (ID: T16237547491300) успішно оновлено
2026-04-24 09:05:40.503 [main] DEBUG repository.InmemoryTeachers - Спроба оновлення даних для викладача з ID: T16237558076000
2026-04-24 09:05:40.503 [main] INFO  repository.InmemoryTeachers - Дані викладача Petrenko Ivan (ID: T16237558076000) успішно оновлено
2026-04-24 09:05:40.504 [main] DEBUG repository.InmemoryTeachers - Спроба оновлення даних для викладача з ID: T16237559700800
2026-04-24 09:05:40.505 [main] INFO  repository.InmemoryTeachers - Дані викладача Petrenko Ivan (ID: T16237559700800) успішно оновлено
2026-04-24 09:05:40.506 [main] DEBUG repository.InmemoryTeachers - Спроба оновлення даних для викладача з ID: T16237561041500
2026-04-24 09:05:40.506 [main] INFO  repository.InmemoryTeachers - Дані викладача Petrenko Ivan (ID: T16237561041500) успішно оновлено
2026-04-24 09:05:40.508 [main] DEBUG repository.InmemoryTeachers - Спроба оновлення даних для викладача з ID: T16237562797700
2026-04-24 09:05:40.508 [main] INFO  repository.InmemoryTeachers - Дані викладача Petrenko Ivan (ID: T16237562797700) успішно оновлено
2026-04-24 09:05:40.510 [main] DEBUG repository.InmemoryTeachers - Спроба оновлення даних для викладача з ID: NONEXISTENT
2026-04-24 09:05:40.510 [main] WARN  repository.InmemoryTeachers - Не вдалося оновити дані. Викладача з ID: NONEXISTENT не знайдено
2026-04-24 09:05:40.518 [main] DEBUG repository.InmemoryTeachers - Спроба оновлення даних для викладача з ID: T008
2026-04-24 09:05:40.518 [main] INFO  repository.InmemoryTeachers - Дані викладача Name Updated (ID: T008) успішно оновлено
2026-04-24 09:05:40.520 [main] DEBUG repository.InmemoryTeachers - Спроба оновлення даних для викладача з ID: T009
2026-04-24 09:05:40.520 [main] INFO  repository.InmemoryTeachers - Дані викладача Turner Frank (ID: T009) успішно оновлено
2026-04-24 09:05:40.521 [main] DEBUG repository.InmemoryTeachers - Пошук викладача за ПІБ: Teacher NonExistent Name
2026-04-24 09:05:40.523 [main] DEBUG repository.InmemoryTeachers - Спроба оновлення даних для викладача з ID: T010
2026-04-24 09:05:40.523 [main] INFO  repository.InmemoryTeachers - Дані викладача Martinez Grace (ID: T010) успішно оновлено
2026-04-24 09:05:40.524 [main] DEBUG repository.InmemoryTeachers - Пошук викладача за ПІБ: johnson ALICE ROSE
2026-04-24 09:05:40.526 [main] DEBUG repository.InmemoryTeachers - Пошук викладача за ПІБ: Smith Jane Elizabeth
2026-04-24 09:05:40.530 [main] DEBUG repository.InmemoryTeachers - Спроба оновлення даних для викладача з ID: T007
2026-04-24 09:05:40.530 [main] INFO  repository.InmemoryTeachers - Дані викладача Davis Emma (ID: T007) успішно оновлено
2026-04-24 09:05:40.554 [main] DEBUG repository.InmemoryTeachers - Пошук викладача за ПІБ: Brown Michael Chris
2026-04-24 09:05:40.556 [main] DEBUG repository.InmemoryTeachers - Пошук викладача за ПІБ: Johnson Sarah Lee
2026-04-24 09:05:40.565 [main] DEBUG repository.InmemoryTeachers - Пошук викладача за ПІБ: Taylor Jessica Amy
2026-04-24 09:05:40.566 [main] DEBUG repository.InmemoryTeachers - Пошук викладача за ПІБ: Anderson Daniel George
2026-04-24 09:10:30.475 [main] DEBUG repository.InmemoryTeachers - Спроба оновлення даних для викладача з ID: T16527528151999
2026-04-24 09:10:30.477 [main] INFO  repository.InmemoryTeachers - Дані викладача Petrenko Ivan (ID: T16527528151999) успішно оновлено
2026-04-24 09:10:30.483 [main] DEBUG repository.InmemoryTeachers - Спроба оновлення даних для викладача з ID: T16527537968500
2026-04-24 09:10:30.483 [main] INFO  repository.InmemoryTeachers - Дані викладача Petrenko Ivan (ID: T16527537968500) успішно оновлено
2026-04-24 09:10:30.484 [main] DEBUG repository.InmemoryTeachers - Спроба оновлення даних для викладача з ID: T16527539490800
2026-04-24 09:10:30.484 [main] INFO  repository.InmemoryTeachers - Дані викладача Petrenko Ivan (ID: T16527539490800) успішно оновлено
2026-04-24 09:10:30.485 [main] DEBUG repository.InmemoryTeachers - Спроба оновлення даних для викладача з ID: T16527540756100
2026-04-24 09:10:30.485 [main] INFO  repository.InmemoryTeachers - Дані викладача Petrenko Ivan (ID: T16527540756100) успішно оновлено
2026-04-24 09:10:30.487 [main] DEBUG repository.InmemoryTeachers - Спроба оновлення даних для викладача з ID: T16527541930500
2026-04-24 09:10:30.487 [main] INFO  repository.InmemoryTeachers - Дані викладача Petrenko Ivan (ID: T16527541930500) успішно оновлено
2026-04-24 09:10:30.490 [main] DEBUG repository.InmemoryTeachers - Спроба оновлення даних для викладача з ID: NONEXISTENT
2026-04-24 09:10:30.490 [main] WARN  repository.InmemoryTeachers - Не вдалося оновити дані. Викладача з ID: NONEXISTENT не знайдено
2026-04-24 09:10:30.499 [main] DEBUG repository.InmemoryTeachers - Спроба оновлення даних для викладача з ID: T008
2026-04-24 09:10:30.499 [main] INFO  repository.InmemoryTeachers - Дані викладача Name Updated (ID: T008) успішно оновлено
2026-04-24 09:10:30.503 [main] DEBUG repository.InmemoryTeachers - Спроба оновлення даних для викладача з ID: T009
2026-04-24 09:10:30.503 [main] INFO  repository.InmemoryTeachers - Дані викладача Turner Frank (ID: T009) успішно оновлено
2026-04-24 09:10:30.505 [main] DEBUG repository.InmemoryTeachers - Пошук викладача за ПІБ: Teacher NonExistent Name
2026-04-24 09:10:30.507 [main] DEBUG repository.InmemoryTeachers - Спроба оновлення даних для викладача з ID: T010
2026-04-24 09:10:30.507 [main] INFO  repository.InmemoryTeachers - Дані викладача Martinez Grace (ID: T010) успішно оновлено
2026-04-24 09:10:30.508 [main] DEBUG repository.InmemoryTeachers - Пошук викладача за ПІБ: johnson ALICE ROSE
2026-04-24 09:10:30.509 [main] DEBUG repository.InmemoryTeachers - Пошук викладача за ПІБ: Smith Jane Elizabeth
2026-04-24 09:10:30.511 [main] DEBUG repository.InmemoryTeachers - Спроба оновлення даних для викладача з ID: T007
2026-04-24 09:10:30.511 [main] INFO  repository.InmemoryTeachers - Дані викладача Davis Emma (ID: T007) успішно оновлено
2026-04-24 09:10:30.533 [main] DEBUG repository.InmemoryTeachers - Пошук викладача за ПІБ: Ілля Михайло Павло
2026-04-24 09:10:30.535 [main] DEBUG repository.InmemoryTeachers - Пошук викладача за ПІБ: Олександра Анастасія Марія
2026-04-24 09:10:30.536 [main] DEBUG repository.InmemoryTeachers - Пошук викладача за ПІБ: Артур Том Андрій
2026-04-24 09:10:30.537 [main] DEBUG repository.InmemoryTeachers - Пошук викладача за ПІБ: Тайлер Андрій Ема
2026-04-24 09:10:30.539 [main] DEBUG repository.InmemoryTeachers - Пошук викладача за ПІБ: Джейк Данило Георгій
2026-04-24 09:38:49.188 [main] INFO  domain.Department - Додано нового студента ID студента : S001,
ПІБ : Mike Johnson David, Факультет : Faculty of Science, Кафедра : Computer Science,
Дата народження : 2000-05-15,
email : mike@example.com, тел. : +380661234571,
Курс 3, група 101, рік вступу 2019,
Форма навчання : бюджет , ідентифікатор студента : SC001, статус студента : навчається.
------------------------
2026-04-24 09:38:49.204 [main] INFO  domain.Department - Додано нового викладача ID викладача : T005,
ПІБ : Sarah Williams Ann, Факультет : Faculty of Science, Кафедра : Computer Science,
Дата народження : 1982-09-20,
email : sarah@example.com, тел. : +380661234572,
Посада доцент, науковий ступінь доктор наук, вчене звання доцент,
Дата прийняття на роботу : 2007-09-01, навантаження : 0.6 годин на рік.
------------------------
2026-04-24 09:38:49.215 [main] INFO  domain.Department - Додано нового студента ID студента : S002,
ПІБ : Tom Davis Paul, Факультет : Faculty of Science, Кафедра : Computer Science,
Дата народження : 1999-03-10,
email : tom@example.com, тел. : +380661234573,
Курс 2, група 102, рік вступу 2020,
Форма навчання : контракт , ідентифікатор студента : SC002, статус студента : навчається.
------------------------
2026-04-24 09:38:49.268 [main] INFO  domain.Department - Додано нового викладача ID викладача : T006,
ПІБ : Lisa Miller Marie, Факультет : Faculty of Science, Кафедра : Computer Science,
Дата народження : 1983-11-05,
email : lisa@example.com, тел. : +380661234574,
Посада професор, науковий ступінь доктор філософії, вчене звання професор,
Дата прийняття на роботу : 2008-09-01, навантаження : 0.8 годин на рік.
------------------------
2026-04-24 09:53:45.554 [main] INFO  domain.Department - Додано нового студента ID студента : S001,
ПІБ : Іван Петренко Васильович, Факультет : Faculty of Science, Кафедра : Computer Science,
Дата народження : 2000-05-15,
email : i@example.com, тел. : +380661234571,
Курс 3, група 101, рік вступу 2019,
Форма навчання : бюджет , ідентифікатор студента : SC001, статус студента : навчається.
------------------------
2026-04-24 09:53:45.575 [main] INFO  domain.Department - Додано нового викладача ID викладача : T005,
ПІБ : Іван Петренко Васильович, Факультет : Faculty of Science, Кафедра : Computer Science,
Дата народження : 1982-09-20,
email : i@example.com, тел. : +380661234572,
Посада доцент, науковий ступінь доктор наук, вчене звання доцент,
Дата прийняття на роботу : 2007-09-01, навантаження : 0.6 годин на рік.
------------------------
2026-04-24 09:53:45.590 [main] INFO  domain.Department - Додано нового студента ID студента : S002,
ПІБ : Іван Петренко Васильович, Факультет : Faculty of Science, Кафедра : Computer Science,
Дата народження : 1999-03-10,
email : i@example.com, тел. : +380661234573,
Курс 2, група 102, рік вступу 2020,
Форма навчання : контракт , ідентифікатор студента : SC002, статус студента : навчається.
------------------------
2026-04-24 09:53:45.647 [main] INFO  domain.Department - Додано нового викладача ID викладача : T006,
ПІБ : Ольга Іванова Миколаївна, Факультет : Faculty of Science, Кафедра : Computer Science,
Дата народження : 1983-11-05,
email : o@example.com, тел. : +380661234574,
Посада професор, науковий ступінь доктор філософії, вчене звання професор,
Дата прийняття на роботу : 2008-09-01, навантаження : 0.8 годин на рік.
------------------------
2026-04-24 09:57:13.335 [main] INFO  domain.Department - Додано нового студента ID студента : S001,
ПІБ : Іван Петренко Васильович, Факультет : Факультет науки, Кафедра : Комп'ютерні науки,
Дата народження : 2000-05-15,
email : i@example.com, тел. : +380661234571,
Курс 3, група 101, рік вступу 2019,
Форма навчання : бюджет , ідентифікатор студента : SC001, статус студента : навчається.
------------------------
2026-04-24 09:57:13.350 [main] INFO  domain.Department - Додано нового викладача ID викладача : T005,
ПІБ : Іван Петренко Васильович, Факультет : Факультет науки, Кафедра : Комп'ютерні науки,
Дата народження : 1982-09-20,
email : i@example.com, тел. : +380661234572,
Посада доцент, науковий ступінь доктор наук, вчене звання доцент,
Дата прийняття на роботу : 2007-09-01, навантаження : 0.6 годин на рік.
------------------------
2026-04-24 09:57:13.368 [main] INFO  domain.Department - Додано нового студента ID студента : S002,
ПІБ : Іван Петренко Васильович, Факультет : Факультет науки, Кафедра : Комп'ютерні науки,
Дата народження : 1999-03-10,
email : i@example.com, тел. : +380661234573,
Курс 2, група 102, рік вступу 2020,
Форма навчання : контракт , ідентифікатор студента : SC002, статус студента : навчається.
------------------------
2026-04-24 09:57:13.419 [main] INFO  domain.Department - Додано нового викладача ID викладача : T006,
ПІБ : Ольга Іванова Миколаївна, Факультет : Факультет науки, Кафедра : Комп'ютерні науки,
Дата народження : 1983-11-05,
email : o@example.com, тел. : +380661234574,
Посада професор, науковий ступінь доктор філософії, вчене звання професор,
Дата прийняття на роботу : 2008-09-01, навантаження : 0.8 годин на рік.
------------------------
2026-04-24 09:59:17.110 [main] INFO  domain.Department - Додано нового студента ID студента : S001,
ПІБ : Іван Петренко Васильович, Факультет : Факультет науки, Кафедра : Комп'ютерні науки,
Дата народження : 2000-05-15,
email : i@example.com, тел. : +380661234571,
Курс 3, група 101, рік вступу 2019,
Форма навчання : бюджет , ідентифікатор студента : SC001, статус студента : навчається.
------------------------
2026-04-24 09:59:17.125 [main] INFO  domain.Department - Додано нового викладача ID викладача : T005,
ПІБ : Іван Петренко Васильович, Факультет : Факультет науки, Кафедра : Комп'ютерні науки,
Дата народження : 1982-09-20,
email : i@example.com, тел. : +380661234572,
Посада доцент, науковий ступінь доктор наук, вчене звання доцент,
Дата прийняття на роботу : 2007-09-01, навантаження : 0.6 годин на рік.
------------------------
2026-04-24 09:59:17.134 [main] INFO  domain.Department - Додано нового студента ID студента : S002,
ПІБ : Іван Петренко Васильович, Факультет : Факультет науки, Кафедра : Комп'ютерні науки,
Дата народження : 1999-03-10,
email : i@example.com, тел. : +380661234573,
Курс 2, група 102, рік вступу 2020,
Форма навчання : контракт , ідентифікатор студента : SC002, статус студента : навчається.
------------------------
2026-04-24 09:59:17.191 [main] INFO  domain.Department - Додано нового викладача ID викладача : T006,
ПІБ : Ольга Іванова Миколаївна, Факультет : Факультет науки, Кафедра : Комп'ютерні науки,
Дата народження : 1983-11-05,
email : o@example.com, тел. : +380661234574,
Посада професор, науковий ступінь доктор філософії, вчене звання професор,
Дата прийняття на роботу : 2008-09-01, навантаження : 0.8 годин на рік.
------------------------
2026-04-24 09:59:41.619 [main] INFO  domain.Department - Додано нового студента ID студента : S001,
ПІБ : Іван Петренко Васильович, Факультет : Факультет науки, Кафедра : Комп'ютерні науки,
Дата народження : 2000-05-15,
email : i@example.com, тел. : +380661234571,
Курс 3, група 101, рік вступу 2019,
Форма навчання : бюджет , ідентифікатор студента : SC001, статус студента : навчається.
------------------------
2026-04-24 09:59:41.635 [main] INFO  domain.Department - Додано нового викладача ID викладача : T005,
ПІБ : Іван Петренко Васильович, Факультет : Факультет науки, Кафедра : Комп'ютерні науки,
Дата народження : 1982-09-20,
email : i@example.com, тел. : +380661234572,
Посада доцент, науковий ступінь доктор наук, вчене звання доцент,
Дата прийняття на роботу : 2007-09-01, навантаження : 0.6 годин на рік.
------------------------
2026-04-24 09:59:41.644 [main] INFO  domain.Department - Додано нового студента ID студента : S002,
ПІБ : Іван Петренко Васильович, Факультет : Факультет науки, Кафедра : Комп'ютерні науки,
Дата народження : 1999-03-10,
email : i@example.com, тел. : +380661234573,
Курс 2, група 102, рік вступу 2020,
Форма навчання : контракт , ідентифікатор студента : SC002, статус студента : навчається.
------------------------
2026-04-24 09:59:41.703 [main] INFO  domain.Department - Додано нового викладача ID викладача : T006,
ПІБ : Ольга Іванова Миколаївна, Факультет : Факультет науки, Кафедра : Комп'ютерні науки,
Дата народження : 1983-11-05,
email : o@example.com, тел. : +380661234574,
Посада професор, науковий ступінь доктор філософії, вчене звання професор,
Дата прийняття на роботу : 2008-09-01, навантаження : 0.8 годин на рік.
------------------------
2026-04-24 10:00:03.018 [main] INFO  domain.Department - Додано нового студента ID студента : S001,
ПІБ : Іван Петренко Васильович, Факультет : Факультет науки, Кафедра : Комп'ютерні науки,
Дата народження : 2000-05-15,
email : i@example.com, тел. : +380661234571,
Курс 3, група 101, рік вступу 2019,
Форма навчання : бюджет , ідентифікатор студента : SC001, статус студента : навчається.
------------------------
2026-04-24 10:00:03.034 [main] INFO  domain.Department - Додано нового викладача ID викладача : T005,
ПІБ : Іван Петренко Васильович, Факультет : Факультет науки, Кафедра : Комп'ютерні науки,
Дата народження : 1982-09-20,
email : i@example.com, тел. : +380661234572,
Посада доцент, науковий ступінь доктор наук, вчене звання доцент,
Дата прийняття на роботу : 2007-09-01, навантаження : 0.6 годин на рік.
------------------------
2026-04-24 10:00:03.043 [main] INFO  domain.Department - Додано нового студента ID студента : S002,
ПІБ : Іван Петренко Васильович, Факультет : Факультет науки, Кафедра : Комп'ютерні науки,
Дата народження : 1999-03-10,
email : i@example.com, тел. : +380661234573,
Курс 2, група 102, рік вступу 2020,
Форма навчання : контракт , ідентифікатор студента : SC002, статус студента : навчається.
------------------------
2026-04-24 10:00:03.095 [main] INFO  domain.Department - Додано нового викладача ID викладача : T006,
ПІБ : Ольга Іванова Миколаївна, Факультет : Факультет науки, Кафедра : Комп'ютерні науки,
Дата народження : 1983-11-05,
email : o@example.com, тел. : +380661234574,
Посада професор, науковий ступінь доктор філософії, вчене звання професор,
Дата прийняття на роботу : 2008-09-01, навантаження : 0.8 годин на рік.
------------------------
2026-04-24 10:00:30.992 [main] INFO  domain.Department - Додано нового студента ID студента : S001,
ПІБ : Іван Петренко Васильович, Факультет : Факультет науки, Кафедра : Комп'ютерні науки,
Дата народження : 2000-05-15,
email : i@example.com, тел. : +380661234571,
Курс 3, група 101, рік вступу 2019,
Форма навчання : бюджет , ідентифікатор студента : SC001, статус студента : навчається.
------------------------
2026-04-24 10:00:31.009 [main] INFO  domain.Department - Додано нового викладача ID викладача : T005,
ПІБ : Іван Петренко Васильович, Факультет : Факультет науки, Кафедра : Комп'ютерні науки,
Дата народження : 1982-09-20,
email : i@example.com, тел. : +380661234572,
Посада доцент, науковий ступінь доктор наук, вчене звання доцент,
Дата прийняття на роботу : 2007-09-01, навантаження : 0.6 годин на рік.
------------------------
2026-04-24 10:00:31.021 [main] INFO  domain.Department - Додано нового студента ID студента : S002,
ПІБ : Іван Петренко Васильович, Факультет : Факультет науки, Кафедра : Комп'ютерні науки,
Дата народження : 1999-03-10,
email : i@example.com, тел. : +380661234573,
Курс 2, група 102, рік вступу 2020,
Форма навчання : контракт , ідентифікатор студента : SC002, статус студента : навчається.
------------------------
2026-04-24 10:00:31.072 [main] INFO  domain.Department - Додано нового викладача ID викладача : T006,
ПІБ : Ольга Іванова Миколаївна, Факультет : Факультет науки, Кафедра : Комп'ютерні науки,
Дата народження : 1983-11-05,
email : o@example.com, тел. : +380661234574,
Посада професор, науковий ступінь доктор філософії, вчене звання професор,
Дата прийняття на роботу : 2008-09-01, навантаження : 0.8 годин на рік.
------------------------
2026-04-24 10:23:41.981 [main] INFO  domain.Department - Додано нового студента ID студента : S001,
ПІБ : Іван Петренко Васильович, Факультет : Факультет науки, Кафедра : Комп'ютерні науки,
Дата народження : 2000-05-15,
email : i@example.com, тел. : +380661234571,
Курс 3, група 101, рік вступу 2019,
Форма навчання : бюджет , ідентифікатор студента : SC001, статус студента : навчається.
------------------------
2026-04-24 10:23:41.997 [main] INFO  domain.Department - Додано нового викладача ID викладача : T005,
ПІБ : Іван Петренко Васильович, Факультет : Факультет науки, Кафедра : Комп'ютерні науки,
Дата народження : 1982-09-20,
email : i@example.com, тел. : +380661234572,
Посада доцент, науковий ступінь доктор наук, вчене звання доцент,
Дата прийняття на роботу : 2007-09-01, навантаження : 0.6 годин на рік.
------------------------
2026-04-24 10:23:42.012 [main] INFO  domain.Department - Додано нового студента ID студента : S002,
ПІБ : Іван Петренко Васильович, Факультет : Факультет науки, Кафедра : Комп'ютерні науки,
Дата народження : 1999-03-10,
email : i@example.com, тел. : +380661234573,
Курс 2, група 102, рік вступу 2020,
Форма навчання : контракт , ідентифікатор студента : SC002, статус студента : навчається.
------------------------
2026-04-24 10:23:42.068 [main] INFO  domain.Department - Додано нового викладача ID викладача : T006,
ПІБ : Ольга Іванова Миколаївна, Факультет : Факультет науки, Кафедра : Комп'ютерні науки,
Дата народження : 1983-11-05,
email : o@example.com, тел. : +380661234574,
Посада професор, науковий ступінь доктор філософії, вчене звання професор,
Дата прийняття на роботу : 2008-09-01, навантаження : 0.8 годин на рік.
------------------------
2026-04-24 10:23:46.361 [main] INFO  service.Service - Університет 'Національний університет «Києво-Могилянська академія»' успішно оновлено
2026-04-24 10:23:46.441 [main] INFO  domain.University - Отримання списку факультетів. Кількість: 6
2026-04-24 10:23:46.442 [main] INFO  domain.University - Отримання списку факультетів. Кількість: 6
2026-04-24 10:23:46.442 [main] INFO  service.Service - Дані програми успішно завантажені з файлу. Кількість факультетів: 6, викладачів: 10, студентів: 30
2026-04-24 10:24:16.304 [main] INFO  domain.University - Отримання списку факультетів. Кількість: 6
2026-04-24 10:24:27.219 [main] INFO  service.Service - Університет 'Національний університет «Києво-Могилянська академія»' успішно оновлено
2026-04-24 10:24:27.292 [main] INFO  domain.University - Отримання списку факультетів. Кількість: 6
2026-04-24 10:24:27.292 [main] INFO  domain.University - Отримання списку факультетів. Кількість: 6
2026-04-24 10:24:27.292 [main] INFO  service.Service - Дані програми успішно завантажені з файлу. Кількість факультетів: 6, викладачів: 10, студентів: 30
2026-04-24 10:25:29.469 [main] INFO  service.Service - Генерація звіту за всіма факультетами
2026-04-24 10:25:43.854 [main] INFO  service.Service - Генерація звіту за всіма кафедрами
2026-04-24 10:26:27.312 [main] DEBUG service.Service - Видалення 3 викладачів кафедри Кафедра загальнотеоретичного правознавства
2026-04-24 10:26:27.312 [main] DEBUG service.Service - Видалення 8 студентів кафедри Кафедра загальнотеоретичного правознавства
2026-04-24 10:26:27.312 [main] INFO  service.Service - Кафедру 'Кафедра загальнотеоретичного правознавства' видалено разом з усіма прив'язаними до неї
2026-04-24 10:26:27.337 [main] INFO  service.Service - Дані програми успішно збережені у файл. Кількість факультетів: 6, викладачів: 7, студентів: 22
2026-04-24 10:51:17.688 [main] INFO  service.Service - Університет 'Національний університет «Києво-Могилянська академія»' успішно оновлено
2026-04-24 10:51:17.775 [main] INFO  domain.University - Отримання списку факультетів. Кількість: 6
2026-04-24 10:51:17.775 [main] INFO  domain.University - Отримання списку факультетів. Кількість: 6
2026-04-24 10:51:17.775 [main] INFO  service.Service - Дані програми успішно завантажені з файлу. Кількість факультетів: 6, викладачів: 7, студентів: 22
2026-04-24 10:52:07.065 [main] INFO  service.Service - Університет 'Національний університет «Києво-Могилянська академія»' успішно оновлено
2026-04-24 10:52:07.141 [main] INFO  domain.University - Отримання списку факультетів. Кількість: 6
2026-04-24 10:52:07.141 [main] INFO  domain.University - Отримання списку факультетів. Кількість: 6
2026-04-24 10:52:07.141 [main] INFO  service.Service - Дані програми успішно завантажені з файлу. Кількість факультетів: 6, викладачів: 7, студентів: 22
2026-04-24 10:52:20.337 [main] INFO  service.Service - Генерація звіту за всіма факультетами
2026-04-24 10:52:29.752 [main] DEBUG repository.InmemoryStudents - Запит на виведення студентів факультету 'Факультет інформатики' за алфавітом
2026-04-24 10:52:29.757 [main] INFO  repository.InmemoryStudents - Виведення списку студентів факультету 'Код : FI,
Повна назва : Факультет інформатики
Скорочена назва ФІ
Контакти : fi@ukma.edu.ua
Декан : не призначено
------------------------' (всього: 8)
2026-04-24 10:55:20.024 [main] INFO  service.Service - Університет 'Національний університет «Києво-Могилянська академія»' успішно оновлено
2026-04-24 10:55:20.092 [main] INFO  domain.University - Отримання списку факультетів. Кількість: 6
2026-04-24 10:55:20.093 [main] INFO  domain.University - Отримання списку факультетів. Кількість: 6
2026-04-24 10:55:20.093 [main] INFO  service.Service - Дані програми успішно завантажені з файлу. Кількість факультетів: 6, викладачів: 7, студентів: 22
2026-04-24 10:55:43.565 [main] INFO  service.Service - Генерація звіту за всіма факультетами
2026-04-24 10:55:50.674 [main] DEBUG repository.InmemoryStudents - Запит на виведення студентів факультету 'Факультет інформатики' за алфавітом
2026-04-24 10:55:50.696 [main] INFO  repository.InmemoryStudents - Виведення списку студентів факультету 'Код : FI,
Повна назва : Факультет інформатики
Скорочена назва ФІ
Контакти : fi@ukma.edu.ua
Декан : не призначено
------------------------' (всього: 8)
2026-04-24 11:06:00.032 [main] INFO  service.Service - Університет 'Національний університет «Києво-Могилянська академія»' успішно оновлено
2026-04-24 11:06:00.105 [main] INFO  domain.University - Отримання списку факультетів. Кількість: 6
2026-04-24 11:06:00.105 [main] INFO  domain.University - Отримання списку факультетів. Кількість: 6
2026-04-24 11:06:00.105 [main] INFO  service.Service - Дані програми успішно завантажені з файлу. Кількість факультетів: 6, викладачів: 7, студентів: 22
2026-04-24 11:10:13.725 [main] INFO  service.Service - Університет 'Національний університет «Києво-Могилянська академія»' успішно оновлено
2026-04-24 11:10:13.903 [main] INFO  domain.University - Отримання списку факультетів. Кількість: 6
2026-04-24 11:10:13.903 [main] INFO  domain.University - Отримання списку факультетів. Кількість: 6
2026-04-24 11:10:13.903 [main] INFO  service.Service - Дані програми успішно завантажені з файлу. Кількість факультетів: 6, викладачів: 7, студентів: 22
2026-04-24 11:13:39.823 [main] INFO  service.Service - Університет 'Національний університет «Києво-Могилянська академія»' успішно оновлено
2026-04-24 11:13:39.892 [main] INFO  domain.University - Отримання списку факультетів. Кількість: 6
2026-04-24 11:13:39.893 [main] INFO  domain.University - Отримання списку факультетів. Кількість: 6
2026-04-24 11:13:39.893 [main] INFO  service.Service - Дані програми успішно завантажені з файлу. Кількість факультетів: 6, викладачів: 7, студентів: 22
2026-04-24 11:17:52.973 [main] INFO  domain.University - Отримання списку факультетів. Кількість: 6
2026-04-24 11:18:54.779 [main] INFO  service.Service - Додано факультет 'фппосф'
2026-04-24 11:18:54.801 [main] INFO  service.Service - Дані програми успішно збережені у файл. Кількість факультетів: 7, викладачів: 7, студентів: 22
2026-04-24 11:18:58.478 [main] INFO  domain.University - Отримання списку факультетів. Кількість: 7
2026-04-24 11:19:04.348 [main] INFO  service.Service - Генерація звіту за всіма факультетами
2026-04-24 11:19:23.585 [main] INFO  repository.InmemoryTeachers - Генерація звіту за всіма викладачами
2026-04-24 11:20:01.607 [main] INFO  service.Service - Факультет 'фппосф' успішно оновлений
2026-04-24 11:20:01.610 [main] INFO  service.Service - Дані програми успішно збережені у файл. Кількість факультетів: 7, викладачів: 7, студентів: 22
2026-04-24 11:20:09.556 [main] INFO  domain.University - Отримання списку факультетів. Кількість: 7
2026-04-24 11:20:17.635 [main] INFO  service.Service - Генерація звіту за всіма факультетами
2026-04-24 11:20:22.593 [main] DEBUG service.Service - Видалено 0 кафедру факультету 'лоітлм'
2026-04-24 11:20:22.594 [main] INFO  service.Service - Факультет 'лоітлм' та всі його підрозділи видалені
2026-04-24 11:20:22.597 [main] INFO  service.Service - Дані програми успішно збережені у файл. Кількість факультетів: 6, викладачів: 7, студентів: 22
2026-04-24 11:20:28.510 [main] INFO  domain.University - Отримання списку факультетів. Кількість: 6
2026-04-24 11:21:01.943 [main] INFO  repository.InmemoryTeachers - Генерація звіту за всіма викладачами
2026-04-24 11:21:48.325 [main] DEBUG repository.InmemoryTeachers - Спроба оновлення даних для викладача з ID: T7
2026-04-24 11:21:48.326 [main] INFO  repository.InmemoryTeachers - Дані викладача JJJ JJJ (ID: T7) успішно оновлено
2026-04-24 11:21:48.328 [main] INFO  service.Service - Дані програми успішно збережені у файл. Кількість факультетів: 6, викладачів: 7, студентів: 22
2026-04-24 11:22:49.996 [main] INFO  service.Service - Генерація звіту за всіма факультетами
2026-04-24 11:23:00.374 [main] DEBUG repository.InmemoryTeachers - Запит на виведення викладачів факультету 'Факультет інформатики' за алфавітом
2026-04-24 11:23:00.392 [main] INFO  repository.InmemoryTeachers - Виведення списку викладачів факультету 'Код : FI,
Повна назва : Факультет інформатики
Скорочена назва ФІ
Контакти : fi@ukma.edu.ua
Декан : не призначено
------------------------' (всього: 3)
2026-04-24 11:24:16.188 [main] DEBUG repository.InmemoryTeachers - Запуск пошуку викладача за ПІБ: Глибовець Микола Петрович
2026-04-24 11:24:16.188 [main] DEBUG repository.InmemoryTeachers - Пошук викладача за ПІБ: Глибовець Микола Петрович
2026-04-24 11:24:16.189 [main] WARN  repository.InmemoryTeachers - Пошук не дав результатів для викладача: Глибовець Микола Петрович
2026-04-24 11:24:40.188 [main] INFO  repository.InmemoryTeachers - Генерація звіту за всіма викладачами
2026-04-24 11:25:01.935 [main] INFO  service.Service - Університет 'Національний університет «Києво-Могилянська академія»' успішно оновлено
2026-04-24 11:25:02.007 [main] INFO  domain.University - Отримання списку факультетів. Кількість: 6
2026-04-24 11:25:02.007 [main] INFO  domain.University - Отримання списку факультетів. Кількість: 6
2026-04-24 11:25:02.007 [main] INFO  service.Service - Дані програми успішно завантажені з файлу. Кількість факультетів: 6, викладачів: 7, студентів: 22
2026-04-24 11:25:29.708 [main] INFO  service.Service - Генерація звіту за всіма факультетами
2026-04-24 11:25:41.507 [main] INFO  service.Service - Додано кафедру 'шірші' на факультеті 'Факультет природничих наук'
2026-04-24 11:25:41.528 [main] INFO  service.Service - Дані програми успішно збережені у файл. Кількість факультетів: 6, викладачів: 7, студентів: 22
2026-04-24 11:25:43.718 [main] INFO  domain.University - Отримання списку факультетів. Кількість: 6
2026-04-24 11:25:43.718 [main] INFO  domain.University - Отримання списку факультетів. Кількість: 6
2026-04-24 11:25:54.713 [main] INFO  service.Service - Генерація звіту за всіма факультетами
2026-04-24 11:26:01.538 [main] INFO  service.Service - Генерація звіту за всіма кафедрами
2026-04-24 11:27:15.208 [main] INFO  domain.Department - Додано нового викладача ID викладача : 64373,
ПІБ : оцрлі 632рвййрн ргіушомколу, Факультет : Факультет інформатики, Кафедра : Інженерія програмного забезпечення,
Дата народження : 2008-09-12,
email : шоркмл, тел. : 662727282,
Посада професор, науковий ступінь не має, вчене звання доцент,
Дата прийняття на роботу : 2008-09-12, навантаження : 243.0 годин на рік.
------------------------
2026-04-24 11:27:15.210 [main] INFO  service.Service - Дані програми успішно збережені у файл. Кількість факультетів: 6, викладачів: 8, студентів: 22
2026-04-24 11:27:22.996 [main] INFO  repository.InmemoryTeachers - Генерація звіту за всіма викладачами
2026-04-24 11:27:35.067 [main] INFO  domain.University - Отримання списку факультетів. Кількість: 6
2026-04-24 11:27:35.068 [main] INFO  service.Service - Видалено викладача 632рвййрн оцрлі (ID: 64373)
2026-04-24 11:27:35.071 [main] INFO  service.Service - Дані програми успішно збережені у файл. Кількість факультетів: 6, викладачів: 7, студентів: 22
